c:\users\golov\source\repos\la4\la4\x64\debug\vc143.pdb
c:\users\golov\source\repos\la4\la4\x64\debug\.netframework,version=v4.7.2.assemblyattributes.obj
c:\users\golov\source\repos\la4\la4\x64\debug\myform.obj
c:\users\golov\source\repos\la4\la4\x64\debug\tstack.obj
c:\users\golov\source\repos\la4\la4\x64\debug\tqueue.obj
c:\users\golov\source\repos\la4\la4\x64\debug\tproc.obj
c:\users\golov\source\repos\la4\la4\x64\debug\tjobstream.obj
c:\users\golov\source\repos\la4\la4\x64\debug\main.obj
c:\users\golov\source\repos\la4\x64\debug\la4.exe
c:\users\golov\source\repos\la4\x64\debug\la4.pdb
c:\users\golov\source\repos\la4\la4\x64\debug\la4.tlog\cl.command.1.tlog
c:\users\golov\source\repos\la4\la4\x64\debug\la4.tlog\cl.read.1.tlog
c:\users\golov\source\repos\la4\la4\x64\debug\la4.tlog\cl.write.1.tlog
c:\users\golov\source\repos\la4\la4\x64\debug\la4.tlog\link.command.1.tlog
c:\users\golov\source\repos\la4\la4\x64\debug\la4.tlog\link.read.1.tlog
c:\users\golov\source\repos\la4\la4\x64\debug\la4.tlog\link.write.1.tlog
c:\users\golov\source\repos\la4\la4\x64\debug\la4.tlog\metagen.read.1.tlog
c:\users\golov\source\repos\la4\la4\x64\debug\la4.tlog\metagen.write.1.tlog
c:\users\golov\source\repos\la4\la4\x64\debug\la4.tlog\resgen.command.1.tlog
c:\users\golov\source\repos\la4\la4\x64\debug\la4.tlog\resgen.read.1.tlog
c:\users\golov\source\repos\la4\la4\x64\debug\la4.tlog\resgen.write.1.tlog
